<?xml version="1.0" encoding="UTF-8"?>
<testsuite xmlns:xsi="http://www.w3.org/2001/XMLSchema-instance" xsi:noNamespaceSchemaLocation="https://maven.apache.org/surefire/maven-surefire-plugin/xsd/surefire-test-report-3.0.xsd" version="3.0" name="pick.box.PickerBoxTest" time="0.117" tests="2" errors="0" skipped="0" failures="0">
  <properties>
[...]
</properties>
  <testcase name="mapDoubleNestedObject" classname="pick.box.PickerBoxTest" time="0.103">
    <system-out><![CDATA[{
  "country" : "USA",
  "city" : "Spanish Fork",
  "classes" : [ {
    "code" : "CS_142",
    "year" : "2024",
    "name" : "CS 142",
    "semester" : "Fall",
    "classDays" : [ {
      "classCode" : "CS_256",
      "campus" : "Main",
      "startTime" : "10:30",
      "id" : "class_142MW",
      "endTime" : "11:30",
      "studentIds" : [ "std_1", "std_2" ],
      "day" : [ "MONDAY", "WEDNESDAY" ],
      "room" : "101",
      "building" : "Taylor"
    } ]
  }, {
    "code" : "CS_256",
    "year" : "2024",
    "name" : "CS 256",
    "semester" : "Fall",
    "classDays" : [ {
      "campus" : "Main",
      "startTime" : "10:30",
      "id" : "class_256MW",
      "endTime" : "11:30",
      "studentIds" : [ "std_1", "std_2" ],
      "day" : [ "MONDAY", "WEDNESDAY" ],
      "room" : "204",
      "building" : "Taylor"
    } ]
  } ],
  "name" : "Teaching Focused University",
  "professors" : [ {
    "classDayIds" : [ "class_142MW", "class_256MW" ],
    "areaOfStudy" : "Computer Science",
    "name" : "Dr. Nelson",
    "id" : "pro_1",
    "studentIds" : [ "std_1", "std_2" ]
  } ],
  "students" : [ {
    "classDayIds" : [ "class_142MW", "class_256MW" ],
    "classIdToGrades" : {
      "class_256MW" : "B",
      "class_142MW" : "A"
    },
    "name" : "Pamela de la Cruz",
    "id" : "std_1"
  }, {
    "classDayIds" : [ "class_142MW", "class_256MW" ],
    "classIdToGrades" : {
      "class_256MW" : "B",
      "class_142MW" : "A"
    },
    "name" : "James Francis",
    "id" : "std_2"
  } ],
  "id" : "univ_1",
  "state" : "Utah"
}
]]></system-out>
  </testcase>
  <testcase name="mapNestedObject" classname="pick.box.PickerBoxTest" time="0.005">
    <system-out><![CDATA[{
  "children" : [ {
    "gender" : "MALE",
    "name" : "Dan",
    "age" : 11
  }, {
    "gender" : "FEMALE",
    "name" : "Julie",
    "age" : 4
  } ],
  "name" : "Stinky Dad"
}
]]></system-out>
  </testcase>
</testsuite>